-------------------------------------------------------------------------------
Test set: Account Activity Features
-------------------------------------------------------------------------------
Tests run: 1, Failures: 1, Errors: 0, Skipped: 0, Time elapsed: 4.837 s <<< FAILURE! - in Account Activity Features
Account Activity Features.Account Dropdown options and transaction table testing  Time elapsed: 4.837 s  <<< FAILURE!
java.lang.AssertionError: expected:<[Savings, Checking, Loan, Credit Card, Brokerage]> but was:<[Savings, Checking, Savings, Loan, Credit Card, Brokerage]>

